[2022-03-24T20:42:32.064Z] Validating found git in: git
[2022-03-24T20:42:32.282Z] Using git 2.26.2 from git
[2022-03-24T20:42:32.405Z] > git rev-parse --git-dir [66ms]
[2022-03-24T20:42:32.420Z] Open repository: /var/www/html/hotel_project
[2022-03-24T20:42:32.589Z] > git symbolic-ref --short HEAD [51ms]
[2022-03-24T20:42:32.647Z] > git for-each-ref --format=%(refname)%00%(upstream:short)%00%(objectname)%00%(upstream:track) refs/heads/ahmed_abdo refs/remotes/ahmed_abdo [43ms]
[2022-03-24T20:42:32.681Z] > git remote --verbose [9ms]
[2022-03-24T20:42:32.682Z] > git for-each-ref --sort -committerdate --format %(refname) %(objectname) %(*objectname) [21ms]
[2022-03-24T20:42:32.716Z] > git config --get commit.template [4ms]
[2022-03-24T20:42:33.208Z] > git ls-files --stage -- /var/www/html/hotel_project/routes/web.php [83ms]
[2022-03-24T20:42:33.229Z] > git cat-file -s 604be205b49ac202ab34820e8a4f0f7f94d6f879 [6ms]
[2022-03-24T20:42:35.549Z] > git symbolic-ref --short HEAD [4ms]
[2022-03-24T20:42:35.565Z] > git for-each-ref --format=%(refname)%00%(upstream:short)%00%(objectname)%00%(upstream:track) refs/heads/ahmed_abdo refs/remotes/ahmed_abdo [4ms]
[2022-03-24T20:42:35.588Z] > git for-each-ref --sort -committerdate --format %(refname) %(objectname) %(*objectname) [15ms]
[2022-03-24T20:42:35.591Z] > git remote --verbose [9ms]
[2022-03-24T20:42:35.624Z] > git config --get commit.template [14ms]
[2022-03-24T20:43:00.861Z] > git symbolic-ref --short HEAD [2ms]
[2022-03-24T20:43:00.872Z] > git for-each-ref --format=%(refname)%00%(upstream:short)%00%(objectname)%00%(upstream:track) refs/heads/ahmed_abdo refs/remotes/ahmed_abdo [2ms]
[2022-03-24T20:43:00.893Z] > git for-each-ref --sort -committerdate --format %(refname) %(objectname) %(*objectname) [11ms]
[2022-03-24T20:43:00.894Z] > git remote --verbose [3ms]
[2022-03-24T20:43:00.915Z] > git config --get commit.template [3ms]
[2022-03-24T20:43:37.055Z] > git symbolic-ref --short HEAD [1ms]
[2022-03-24T20:43:37.065Z] > git for-each-ref --format=%(refname)%00%(upstream:short)%00%(objectname)%00%(upstream:track) refs/heads/ahmed_abdo refs/remotes/ahmed_abdo [2ms]
[2022-03-24T20:43:37.082Z] > git for-each-ref --sort -committerdate --format %(refname) %(objectname) %(*objectname) [10ms]
[2022-03-24T20:43:37.083Z] > git remote --verbose [4ms]
[2022-03-24T20:43:37.105Z] > git config --get commit.template [3ms]
[2022-03-24T20:43:41.600Z] > git ls-files --stage -- /var/www/html/hotel_project/routes/manage.php [7ms]
[2022-03-24T20:43:41.615Z] > git cat-file -s ee73dc1a1d417aeb0ce450ef6daca517f8a9fd0e [5ms]
[2022-03-24T20:43:42.172Z] > git symbolic-ref --short HEAD [4ms]
[2022-03-24T20:43:42.187Z] > git for-each-ref --format=%(refname)%00%(upstream:short)%00%(objectname)%00%(upstream:track) refs/heads/ahmed_abdo refs/remotes/ahmed_abdo [4ms]
[2022-03-24T20:43:42.219Z] > git for-each-ref --sort -committerdate --format %(refname) %(objectname) %(*objectname) [17ms]
[2022-03-24T20:43:42.221Z] > git remote --verbose [3ms]
[2022-03-24T20:43:42.254Z] > git config --get commit.template [2ms]
[2022-03-24T20:44:40.242Z] > git symbolic-ref --short HEAD [6ms]
[2022-03-24T20:44:40.266Z] > git for-each-ref --format=%(refname)%00%(upstream:short)%00%(objectname)%00%(upstream:track) refs/heads/ahmed_abdo refs/remotes/ahmed_abdo [4ms]
[2022-03-24T20:44:40.295Z] > git for-each-ref --sort -committerdate --format %(refname) %(objectname) %(*objectname) [16ms]
[2022-03-24T20:44:40.300Z] > git remote --verbose [7ms]
[2022-03-24T20:44:40.337Z] > git config --get commit.template [13ms]
[2022-03-24T20:46:30.647Z] > git symbolic-ref --short HEAD [11ms]
[2022-03-24T20:46:30.675Z] > git ls-files --stage -- /var/www/html/hotel_project/routes/manage.php [29ms]
[2022-03-24T20:46:30.688Z] > git for-each-ref --format=%(refname)%00%(upstream:short)%00%(objectname)%00%(upstream:track) refs/heads/ahmed_abdo refs/remotes/ahmed_abdo [13ms]
[2022-03-24T20:46:30.709Z] > git for-each-ref --sort -committerdate --format %(refname) %(objectname) %(*objectname) [11ms]
[2022-03-24T20:46:30.710Z] > git cat-file -s ee73dc1a1d417aeb0ce450ef6daca517f8a9fd0e [24ms]
[2022-03-24T20:46:30.712Z] > git remote --verbose [4ms]
[2022-03-24T20:46:30.734Z] > git config --get commit.template [2ms]
