[2022-03-24T20:40:13.823Z] Validating found git in: git
[2022-03-24T20:40:14.466Z] Using git 2.26.2 from git
[2022-03-24T20:40:14.651Z] > git rev-parse --git-dir [5ms]
[2022-03-24T20:40:14.662Z] Open repository: /var/www/html/hotel_project
[2022-03-24T20:40:15.019Z] > git ls-files --stage -- /var/www/html/hotel_project/routes/web.php [30ms]
[2022-03-24T20:40:15.126Z] > git cat-file -s 604be205b49ac202ab34820e8a4f0f7f94d6f879 [98ms]
[2022-03-24T20:40:17.936Z] > git symbolic-ref --short HEAD [132ms]
[2022-03-24T20:40:17.984Z] > git for-each-ref --format=%(refname)%00%(upstream:short)%00%(objectname)%00%(upstream:track) refs/heads/ahmed_abdo refs/remotes/ahmed_abdo [26ms]
[2022-03-24T20:40:18.020Z] > git remote --verbose [4ms]
[2022-03-24T20:40:18.022Z] > git for-each-ref --sort -committerdate --format %(refname) %(objectname) %(*objectname) [25ms]
[2022-03-24T20:40:18.060Z] > git config --get commit.template [17ms]
[2022-03-24T20:40:39.289Z] > git symbolic-ref --short HEAD [2ms]
[2022-03-24T20:40:39.359Z] > git for-each-ref --format=%(refname)%00%(upstream:short)%00%(objectname)%00%(upstream:track) refs/heads/ahmed_abdo refs/remotes/ahmed_abdo [2ms]
[2022-03-24T20:40:39.376Z] > git for-each-ref --sort -committerdate --format %(refname) %(objectname) %(*objectname) [10ms]
[2022-03-24T20:40:39.535Z] > git remote --verbose [160ms]
[2022-03-24T20:40:39.550Z] > git config --get commit.template [2ms]
[2022-03-24T20:40:44.851Z] > git symbolic-ref --short HEAD [5ms]
[2022-03-24T20:40:44.866Z] > git for-each-ref --format=%(refname)%00%(upstream:short)%00%(objectname)%00%(upstream:track) refs/heads/ahmed_abdo refs/remotes/ahmed_abdo [2ms]
[2022-03-24T20:40:44.890Z] > git for-each-ref --sort -committerdate --format %(refname) %(objectname) %(*objectname) [13ms]
[2022-03-24T20:40:44.892Z] > git remote --verbose [5ms]
[2022-03-24T20:40:44.929Z] > git config --get commit.template [4ms]
[2022-03-24T20:40:57.416Z] > git symbolic-ref --short HEAD [2ms]
[2022-03-24T20:40:57.427Z] > git for-each-ref --format=%(refname)%00%(upstream:short)%00%(objectname)%00%(upstream:track) refs/heads/ahmed_abdo refs/remotes/ahmed_abdo [2ms]
[2022-03-24T20:40:57.449Z] > git for-each-ref --sort -committerdate --format %(refname) %(objectname) %(*objectname) [12ms]
[2022-03-24T20:40:57.450Z] > git remote --verbose [4ms]
[2022-03-24T20:40:57.465Z] > git config --get commit.template [1ms]
[2022-03-24T20:41:07.388Z] > git symbolic-ref --short HEAD [10ms]
[2022-03-24T20:41:07.403Z] > git for-each-ref --format=%(refname)%00%(upstream:short)%00%(objectname)%00%(upstream:track) refs/heads/ahmed_abdo refs/remotes/ahmed_abdo [5ms]
[2022-03-24T20:41:07.432Z] > git for-each-ref --sort -committerdate --format %(refname) %(objectname) %(*objectname) [12ms]
[2022-03-24T20:41:07.433Z] > git remote --verbose [3ms]
[2022-03-24T20:41:07.454Z] > git config --get commit.template [3ms]
[2022-03-24T20:41:19.607Z] > git symbolic-ref --short HEAD [2ms]
[2022-03-24T20:41:19.619Z] > git for-each-ref --format=%(refname)%00%(upstream:short)%00%(objectname)%00%(upstream:track) refs/heads/ahmed_abdo refs/remotes/ahmed_abdo [2ms]
[2022-03-24T20:41:19.641Z] > git for-each-ref --sort -committerdate --format %(refname) %(objectname) %(*objectname) [13ms]
[2022-03-24T20:41:19.642Z] > git remote --verbose [3ms]
[2022-03-24T20:41:19.658Z] > git config --get commit.template [4ms]
