[Info  - 2:40:24 PM] Initialising intelephense 1.8.2
[Info  - 2:40:25 PM] Reading state from /var/www/html/hotel_project/~/.vscode-root/User/workspaceStorage/11e8408c35694307231992d9f44b3129/bmewburn.vscode-intelephense-client/4534594a.
[Info  - 2:40:25 PM] Initialised in 2378 ms
[Info  - 2:40:25 PM] Searching file:///root/.vscode/extensions/bmewburn.vscode-intelephense-client-1.8.2/node_modules/intelephense/lib/stub for files to index.
[Info  - 2:40:25 PM] Searching file:///var/www/html/hotel_project for files to index.
[Warn  - 2:40:26 PM] file:///var/www/html/hotel_project/vendor/fakerphp/faker/src/Faker/Provider/nl_BE/Text.php is over the maximum file size of 1000000 bytes.
[Info  - 2:40:26 PM] Indexing started.
[Info  - 2:40:45 PM] Indexing ended. 1135 files indexed in 18s.
[Info  - 2:40:45 PM] Writing state to /var/www/html/hotel_project/~/.vscode-root/User/workspaceStorage/11e8408c35694307231992d9f44b3129/bmewburn.vscode-intelephense-client/4534594a.
[Info  - 2:40:48 PM] Wrote state in 2.7s.
[Info  - 2:40:55 PM] Indexing started.
[Info  - 2:40:56 PM] Indexing ended. 1 files indexed in 0s.
[Info  - 2:41:54 PM] Indexing started.
[Info  - 2:41:55 PM] Indexing ended. 1 files indexed in 0s.
[Info  - 2:44:30 PM] Indexing started.
[Info  - 2:44:30 PM] Indexing ended. 1 files indexed in 0s.
[Info  - 2:44:34 PM] Indexing started.
[Info  - 2:44:34 PM] Indexing ended. 1 files indexed in 0s.
[Info  - 2:45:49 PM] Indexing started.
[Info  - 2:45:50 PM] Indexing ended. 1 files indexed in 0s.
[Info  - 2:46:04 PM] Indexing started.
[Info  - 2:46:04 PM] Indexing ended. 1 files indexed in 0s.
[Info  - 2:46:07 PM] Indexing started.
[Info  - 2:46:07 PM] Indexing ended. 1 files indexed in 0s.
[Info  - 2:46:53 PM] Indexing started.
[Info  - 2:46:53 PM] Indexing ended. 1 files indexed in 0s.
[Info  - 2:46:54 PM] Indexing started.
[Info  - 2:46:55 PM] Indexing ended. 1 files indexed in 0s.
[Info  - 2:47:10 PM] Indexing started.
[Info  - 2:47:10 PM] Indexing ended. 1 files indexed in 0s.
[Info  - 2:47:12 PM] Indexing started.
[Info  - 2:47:13 PM] Indexing ended. 1 files indexed in 0s.
[Info  - 2:47:39 PM] Indexing started.
[Info  - 2:47:39 PM] Indexing ended. 1 files indexed in 0s.
[Info  - 2:47:41 PM] Indexing started.
[Info  - 2:47:41 PM] Indexing ended. 1 files indexed in 0s.
[Info  - 2:48:43 PM] Indexing started.
[Info  - 2:48:43 PM] Indexing ended. 1 files indexed in 0s.
[Info  - 2:48:45 PM] Indexing started.
[Info  - 2:48:46 PM] Indexing ended. 1 files indexed in 0s.
[Info  - 2:49:15 PM] Indexing started.
[Info  - 2:49:15 PM] Indexing ended. 1 files indexed in 0s.
[Info  - 2:49:17 PM] Indexing started.
[Info  - 2:49:17 PM] Indexing ended. 1 files indexed in 0s.
[Info  - 2:50:45 PM] Indexing started.
[Info  - 2:50:45 PM] Indexing ended. 1 files indexed in 0s.
[Info  - 2:50:55 PM] Indexing started.
[Info  - 2:50:55 PM] Indexing ended. 1 files indexed in 0s.
[Info  - 2:50:57 PM] Indexing started.
[Info  - 2:50:58 PM] Indexing ended. 1 files indexed in 0s.
[Info  - 2:51:19 PM] Indexing started.
[Info  - 2:51:19 PM] Indexing ended. 1 files indexed in 0s.
[Info  - 2:51:21 PM] Indexing started.
[Info  - 2:51:21 PM] Indexing ended. 1 files indexed in 0s.
[Info  - 2:51:28 PM] Indexing started.
[Info  - 2:51:28 PM] Indexing ended. 1 files indexed in 0s.
[Info  - 2:51:30 PM] Indexing started.
[Info  - 2:51:30 PM] Indexing ended. 1 files indexed in 0s.
[Info  - 2:52:03 PM] Indexing started.
[Info  - 2:52:03 PM] Indexing ended. 1 files indexed in 0s.
[Info  - 2:52:05 PM] Indexing started.
[Info  - 2:52:06 PM] Indexing ended. 1 files indexed in 0s.
[Info  - 2:53:05 PM] Indexing started.
[Info  - 2:53:05 PM] Indexing ended. 1 files indexed in 0s.
[Info  - 2:53:06 PM] Indexing started.
[Info  - 2:53:06 PM] Indexing ended. 1 files indexed in 0s.
[Info  - 2:54:06 PM] Indexing started.
[Info  - 2:54:06 PM] Indexing ended. 1 files indexed in 0s.
[Info  - 2:54:08 PM] Indexing started.
[Info  - 2:54:09 PM] Indexing ended. 1 files indexed in 0s.
[Info  - 2:54:25 PM] Indexing started.
[Info  - 2:54:25 PM] Indexing ended. 1 files indexed in 0s.
[Info  - 2:54:27 PM] Indexing started.
[Info  - 2:54:27 PM] Indexing ended. 1 files indexed in 0s.
[Info  - 2:55:03 PM] Indexing started.
[Info  - 2:55:03 PM] Indexing ended. 1 files indexed in 0s.
[Info  - 2:55:05 PM] Indexing started.
[Info  - 2:55:05 PM] Indexing ended. 1 files indexed in 0s.
[Info  - 3:12:25 PM] Indexing started.
[Info  - 3:12:26 PM] Indexing ended. 1 files indexed in 0s.
[Info  - 3:12:31 PM] Indexing started.
[Info  - 3:12:31 PM] Indexing ended. 1 files indexed in 0s.
[Info  - 3:13:56 PM] Indexing started.
[Info  - 3:13:57 PM] Indexing ended. 1 files indexed in 0s.
[Info  - 3:13:59 PM] Indexing started.
[Info  - 3:13:59 PM] Indexing ended. 1 files indexed in 0s.
[Info  - 3:14:43 PM] Indexing started.
[Info  - 3:14:43 PM] Indexing ended. 1 files indexed in 0s.
[Info  - 3:14:45 PM] Indexing started.
[Info  - 3:14:45 PM] Indexing ended. 1 files indexed in 0s.
[Info  - 3:14:53 PM] Indexing started.
[Info  - 3:14:54 PM] Indexing ended. 1 files indexed in 0s.
[Info  - 3:14:55 PM] Indexing started.
[Info  - 3:14:56 PM] Indexing ended. 1 files indexed in 0s.
[Info  - 3:16:31 PM] Indexing started.
[Info  - 3:16:31 PM] Indexing ended. 1 files indexed in 0s.
[Info  - 3:16:33 PM] Indexing started.
[Info  - 3:16:33 PM] Indexing ended. 1 files indexed in 0s.
[Info  - 3:16:58 PM] Indexing started.
[Info  - 3:16:58 PM] Indexing ended. 1 files indexed in 0s.
[Info  - 3:17:00 PM] Indexing started.
[Info  - 3:17:00 PM] Indexing ended. 1 files indexed in 0s.
[Info  - 3:17:09 PM] Indexing started.
[Info  - 3:17:09 PM] Indexing ended. 1 files indexed in 0s.
[Info  - 3:17:11 PM] Indexing started.
[Info  - 3:17:11 PM] Indexing ended. 1 files indexed in 0s.
[Info  - 3:17:17 PM] Indexing started.
[Info  - 3:17:17 PM] Indexing ended. 1 files indexed in 0s.
[Info  - 3:17:21 PM] Indexing started.
[Info  - 3:17:21 PM] Indexing ended. 1 files indexed in 0s.
[Info  - 3:17:28 PM] Indexing started.
[Info  - 3:17:29 PM] Indexing ended. 1 files indexed in 0s.
[Info  - 3:17:30 PM] Indexing started.
[Info  - 3:17:30 PM] Indexing ended. 1 files indexed in 0s.
[Info  - 3:17:34 PM] Indexing started.
[Info  - 3:17:34 PM] Indexing ended. 1 files indexed in 0s.
[Info  - 3:17:35 PM] Indexing started.
[Info  - 3:17:35 PM] Indexing ended. 1 files indexed in 0s.
[Info  - 3:17:39 PM] Indexing started.
[Info  - 3:17:39 PM] Indexing ended. 1 files indexed in 0s.
[Info  - 3:17:41 PM] Indexing started.
[Info  - 3:17:41 PM] Indexing ended. 1 files indexed in 0s.
[Info  - 3:17:56 PM] Indexing started.
[Info  - 3:17:56 PM] Indexing ended. 1 files indexed in 0s.
[Info  - 3:17:58 PM] Indexing started.
[Info  - 3:17:58 PM] Indexing ended. 1 files indexed in 0s.
[Info  - 3:18:10 PM] Indexing started.
[Info  - 3:18:10 PM] Indexing ended. 1 files indexed in 0s.
[Info  - 3:18:12 PM] Indexing started.
[Info  - 3:18:12 PM] Indexing ended. 1 files indexed in 0s.
[Info  - 3:18:32 PM] Indexing started.
[Info  - 3:18:32 PM] Indexing ended. 1 files indexed in 0s.
[Info  - 3:18:34 PM] Indexing started.
[Info  - 3:18:34 PM] Indexing ended. 1 files indexed in 0s.
[Info  - 3:18:39 PM] Indexing started.
[Info  - 3:18:40 PM] Indexing ended. 1 files indexed in 0s.
[Info  - 3:18:41 PM] Indexing started.
[Info  - 3:18:41 PM] Indexing ended. 1 files indexed in 0s.
[Info  - 3:18:47 PM] Indexing started.
[Info  - 3:18:47 PM] Indexing ended. 1 files indexed in 0s.
[Info  - 3:18:50 PM] Indexing started.
[Info  - 3:18:50 PM] Indexing ended. 1 files indexed in 0s.
[Info  - 3:19:24 PM] Indexing started.
[Info  - 3:19:24 PM] Indexing ended. 1 files indexed in 0s.
[Info  - 3:19:52 PM] Indexing started.
[Info  - 3:19:52 PM] Indexing ended. 1 files indexed in 0s.
[Info  - 3:19:54 PM] Indexing started.
[Info  - 3:19:54 PM] Indexing ended. 1 files indexed in 0s.
[Info  - 3:19:59 PM] Indexing started.
[Info  - 3:19:59 PM] Indexing ended. 1 files indexed in 0s.
[Info  - 3:20:01 PM] Indexing started.
[Info  - 3:20:02 PM] Indexing ended. 1 files indexed in 0s.
[Info  - 3:20:05 PM] Indexing started.
[Info  - 3:20:05 PM] Indexing ended. 1 files indexed in 0s.
[Info  - 3:20:07 PM] Indexing started.
[Info  - 3:20:07 PM] Indexing ended. 1 files indexed in 0s.
[Info  - 3:20:11 PM] Indexing started.
[Info  - 3:20:11 PM] Indexing ended. 1 files indexed in 0s.
[Info  - 3:20:16 PM] Indexing started.
[Info  - 3:20:16 PM] Indexing ended. 1 files indexed in 0s.
[Info  - 3:20:18 PM] Indexing started.
[Info  - 3:20:18 PM] Indexing ended. 1 files indexed in 0s.
[Info  - 3:20:23 PM] Indexing started.
[Info  - 3:20:23 PM] Indexing ended. 1 files indexed in 0s.
[Info  - 3:20:26 PM] Indexing started.
[Info  - 3:20:26 PM] Indexing ended. 1 files indexed in 0s.
[Info  - 3:21:02 PM] Indexing started.
[Info  - 3:21:02 PM] Indexing ended. 1 files indexed in 0s.
[Info  - 3:21:04 PM] Indexing started.
[Info  - 3:21:04 PM] Indexing ended. 1 files indexed in 0s.
[Info  - 3:21:39 PM] Indexing started.
[Info  - 3:21:39 PM] Indexing ended. 1 files indexed in 0s.
[Info  - 3:21:42 PM] Indexing started.
[Info  - 3:21:42 PM] Indexing ended. 1 files indexed in 0s.
[Info  - 3:21:53 PM] Indexing started.
[Info  - 3:21:53 PM] Indexing ended. 1 files indexed in 0s.
[Info  - 3:21:54 PM] Indexing started.
[Info  - 3:21:55 PM] Indexing ended. 1 files indexed in 0s.
[Info  - 3:28:07 PM] Indexing started.
[Info  - 3:28:08 PM] Indexing ended. 1 files indexed in 0s.
[Info  - 3:28:09 PM] Indexing started.
[Info  - 3:28:10 PM] Indexing ended. 1 files indexed in 0s.
[Info  - 3:28:23 PM] Indexing started.
[Info  - 3:28:23 PM] Indexing ended. 1 files indexed in 0s.
[Info  - 3:30:02 PM] Indexing started.
[Info  - 3:30:03 PM] Indexing ended. 1 files indexed in 0s.
[Info  - 3:30:09 PM] Indexing started.
[Info  - 3:30:09 PM] Indexing ended. 1 files indexed in 0s.
[Info  - 3:30:13 PM] Indexing started.
[Info  - 3:30:14 PM] Indexing ended. 1 files indexed in 0s.
[Info  - 3:30:35 PM] Indexing started.
[Info  - 3:30:35 PM] Indexing ended. 1 files indexed in 0s.
[Info  - 4:41:10 PM] Indexing started.
[Info  - 4:41:10 PM] Indexing ended. 1 files indexed in 0s.
[Info  - 4:41:15 PM] Indexing started.
[Info  - 4:41:15 PM] Indexing ended. 1 files indexed in 0s.
[Info  - 4:53:08 PM] Indexing started.
[Info  - 4:53:09 PM] Indexing ended. 1 files indexed in 0s.
[Info  - 4:53:41 PM] Indexing started.
[Info  - 4:53:41 PM] Indexing ended. 1 files indexed in 0s.
[Info  - 4:59:40 PM] Indexing started.
[Info  - 4:59:41 PM] Indexing ended. 1 files indexed in 0s.
[Info  - 5:00:25 PM] Indexing started.
[Info  - 5:00:25 PM] Indexing ended. 1 files indexed in 0s.
[Info  - 5:02:08 PM] Indexing started.
[Info  - 5:02:09 PM] Indexing ended. 1 files indexed in 0s.
[Info  - 5:03:27 PM] Indexing started.
[Info  - 5:03:27 PM] Indexing ended. 1 files indexed in 0s.
[Info  - 5:03:29 PM] Indexing started.
[Info  - 5:03:30 PM] Indexing ended. 1 files indexed in 0s.
[Info  - 5:04:33 PM] Indexing started.
[Info  - 5:04:33 PM] Indexing ended. 1 files indexed in 0s.
[Info  - 5:04:35 PM] Indexing started.
[Info  - 5:04:35 PM] Indexing ended. 1 files indexed in 0s.
[Info  - 5:04:48 PM] Indexing started.
[Info  - 5:04:48 PM] Indexing ended. 1 files indexed in 0s.
[Info  - 5:04:50 PM] Indexing started.
[Info  - 5:04:50 PM] Indexing ended. 1 files indexed in 0s.
[Info  - 5:05:41 PM] Indexing started.
[Info  - 5:05:41 PM] Indexing ended. 1 files indexed in 0s.
[Info  - 5:06:50 PM] Indexing started.
[Info  - 5:06:51 PM] Indexing ended. 1 files indexed in 0s.
[Info  - 5:07:08 PM] Indexing started.
[Info  - 5:07:08 PM] Indexing ended. 1 files indexed in 0s.
[Info  - 5:07:10 PM] Indexing started.
[Info  - 5:07:10 PM] Indexing ended. 3 files indexed in 0s.
[Info  - 5:07:53 PM] Indexing started.
[Info  - 5:07:53 PM] Indexing ended. 1 files indexed in 0s.
[Info  - 5:07:55 PM] Indexing started.
[Info  - 5:07:55 PM] Indexing ended. 1 files indexed in 0s.
[Info  - 5:08:20 PM] Indexing started.
[Info  - 5:08:20 PM] Indexing ended. 1 files indexed in 0s.
[Info  - 5:08:23 PM] Indexing started.
[Info  - 5:08:23 PM] Indexing ended. 1 files indexed in 0s.
[Info  - 5:08:26 PM] Indexing started.
[Info  - 5:08:26 PM] Indexing ended. 1 files indexed in 0s.
[Info  - 5:09:31 PM] Indexing started.
[Info  - 5:09:31 PM] Indexing ended. 1 files indexed in 0s.
[Info  - 5:09:33 PM] Indexing started.
[Info  - 5:09:33 PM] Indexing ended. 1 files indexed in 0s.
[Info  - 5:10:21 PM] Indexing started.
[Info  - 5:10:21 PM] Indexing ended. 1 files indexed in 0s.
[Info  - 5:11:35 PM] Indexing started.
[Info  - 5:11:36 PM] Indexing ended. 1 files indexed in 0s.
[Info  - 5:11:38 PM] Indexing started.
[Info  - 5:11:38 PM] Indexing ended. 1 files indexed in 0s.
[Info  - 5:13:04 PM] Indexing started.
[Info  - 5:13:04 PM] Indexing ended. 1 files indexed in 0s.
[Info  - 5:13:09 PM] Indexing started.
[Info  - 5:13:09 PM] Indexing ended. 1 files indexed in 0s.
[Info  - 5:14:15 PM] Indexing started.
[Info  - 5:14:15 PM] Indexing ended. 1 files indexed in 0s.
[Info  - 5:14:27 PM] Indexing started.
[Info  - 5:14:27 PM] Indexing ended. 1 files indexed in 0s.
[Info  - 5:14:43 PM] Indexing started.
[Info  - 5:14:43 PM] Indexing ended. 1 files indexed in 0s.
[Info  - 5:15:21 PM] Indexing started.
[Info  - 5:15:21 PM] Indexing ended. 1 files indexed in 0s.
[Info  - 5:15:23 PM] Indexing started.
[Info  - 5:15:23 PM] Indexing ended. 1 files indexed in 0s.
[Info  - 5:16:09 PM] Indexing started.
[Info  - 5:16:10 PM] Indexing ended. 1 files indexed in 0s.
[Info  - 5:16:39 PM] Indexing started.
[Info  - 5:16:39 PM] Indexing ended. 1 files indexed in 0s.
[Info  - 5:16:41 PM] Indexing started.
[Info  - 5:16:41 PM] Indexing ended. 1 files indexed in 0s.
[Info  - 5:17:35 PM] Indexing started.
[Info  - 5:17:35 PM] Indexing ended. 1 files indexed in 0s.
[Info  - 5:17:59 PM] Indexing started.
[Info  - 5:17:59 PM] Indexing ended. 1 files indexed in 0s.
[Info  - 5:18:00 PM] Indexing started.
[Info  - 5:18:01 PM] Indexing ended. 2 files indexed in 0s.
[Info  - 5:20:19 PM] Indexing started.
[Info  - 5:20:19 PM] Indexing ended. 1 files indexed in 0s.
[Info  - 5:22:15 PM] Indexing started.
[Info  - 5:22:15 PM] Indexing ended. 1 files indexed in 0s.
[Info  - 5:22:19 PM] Indexing started.
[Info  - 5:22:19 PM] Indexing ended. 1 files indexed in 0s.
[Info  - 5:27:22 PM] Indexing started.
[Info  - 5:27:22 PM] Indexing ended. 1 files indexed in 0s.
[Info  - 5:27:49 PM] Indexing started.
[Info  - 5:27:49 PM] Indexing ended. 1 files indexed in 0s.
[Info  - 5:28:36 PM] Indexing started.
[Info  - 5:28:37 PM] Indexing ended. 1 files indexed in 0s.
[Info  - 5:32:30 PM] Indexing started.
[Info  - 5:32:30 PM] Indexing ended. 1 files indexed in 0s.
[Info  - 5:32:33 PM] Indexing started.
[Info  - 5:32:33 PM] Indexing ended. 1 files indexed in 0s.
[Info  - 5:32:54 PM] Indexing started.
[Info  - 5:32:54 PM] Indexing ended. 1 files indexed in 0s.
[Info  - 5:34:16 PM] Indexing started.
[Info  - 5:34:16 PM] Indexing ended. 1 files indexed in 0s.
[Info  - 5:34:18 PM] Indexing started.
[Info  - 5:34:19 PM] Indexing ended. 1 files indexed in 0s.
[Info  - 5:36:10 PM] Indexing started.
[Info  - 5:36:10 PM] Indexing ended. 1 files indexed in 0s.
[Info  - 5:36:12 PM] Indexing started.
[Info  - 5:36:13 PM] Indexing ended. 1 files indexed in 0s.
[Info  - 5:36:23 PM] Indexing started.
[Info  - 5:36:23 PM] Indexing ended. 1 files indexed in 0s.
[Info  - 5:36:26 PM] Indexing started.
[Info  - 5:36:26 PM] Indexing ended. 1 files indexed in 0s.
[Info  - 5:36:54 PM] Indexing started.
[Info  - 5:36:54 PM] Indexing ended. 1 files indexed in 0s.
[Info  - 5:36:56 PM] Indexing started.
[Info  - 5:36:56 PM] Indexing ended. 1 files indexed in 0s.
[Info  - 5:37:08 PM] Indexing started.
[Info  - 5:37:08 PM] Indexing ended. 1 files indexed in 0s.
[Info  - 5:37:10 PM] Indexing started.
[Info  - 5:37:10 PM] Indexing ended. 1 files indexed in 0s.
[Info  - 5:37:33 PM] Indexing started.
[Info  - 5:37:33 PM] Indexing ended. 1 files indexed in 0s.
[Info  - 5:37:35 PM] Indexing started.
[Info  - 5:37:35 PM] Indexing ended. 1 files indexed in 0s.
[Info  - 5:43:03 PM] Indexing started.
[Info  - 5:43:03 PM] Indexing ended. 1 files indexed in 0s.
[Info  - 5:43:44 PM] Indexing started.
[Info  - 5:43:44 PM] Indexing ended. 1 files indexed in 0s.
[Info  - 5:43:46 PM] Indexing started.
[Info  - 5:43:46 PM] Indexing ended. 1 files indexed in 0s.
[Info  - 5:45:11 PM] Indexing started.
[Info  - 5:45:11 PM] Indexing ended. 1 files indexed in 0s.
[Info  - 5:45:39 PM] Indexing started.
[Info  - 5:45:39 PM] Indexing ended. 1 files indexed in 0s.
[Info  - 5:45:40 PM] Indexing started.
[Info  - 5:45:41 PM] Indexing ended. 1 files indexed in 0s.
[Info  - 5:45:58 PM] Indexing started.
[Info  - 5:45:58 PM] Indexing ended. 1 files indexed in 0s.
[Info  - 5:46:00 PM] Indexing started.
[Info  - 5:46:00 PM] Indexing ended. 1 files indexed in 0s.
[Info  - 5:46:09 PM] Indexing started.
[Info  - 5:46:09 PM] Indexing ended. 1 files indexed in 0s.
[Info  - 5:46:11 PM] Indexing started.
[Info  - 5:46:11 PM] Indexing ended. 1 files indexed in 0s.
[Info  - 5:46:18 PM] Indexing started.
[Info  - 5:46:19 PM] Indexing ended. 1 files indexed in 0s.
[Info  - 5:46:21 PM] Indexing started.
[Info  - 5:46:21 PM] Indexing ended. 1 files indexed in 0s.
[Info  - 5:47:03 PM] Indexing started.
[Info  - 5:47:03 PM] Indexing ended. 1 files indexed in 0s.
[Info  - 5:47:05 PM] Indexing started.
[Info  - 5:47:05 PM] Indexing ended. 1 files indexed in 0s.
[Info  - 5:47:18 PM] Indexing started.
[Info  - 5:47:18 PM] Indexing ended. 1 files indexed in 0s.
[Info  - 5:47:19 PM] Indexing started.
[Info  - 5:47:20 PM] Indexing ended. 1 files indexed in 0s.
[Info  - 5:47:24 PM] Indexing started.
[Info  - 5:47:25 PM] Indexing ended. 1 files indexed in 0s.
[Info  - 5:47:26 PM] Indexing started.
[Info  - 5:47:26 PM] Indexing ended. 1 files indexed in 0s.
[Info  - 5:47:36 PM] Indexing started.
[Info  - 5:47:36 PM] Indexing ended. 1 files indexed in 0s.
[Info  - 5:47:38 PM] Indexing started.
[Info  - 5:47:38 PM] Indexing ended. 1 files indexed in 0s.
[Info  - 5:47:57 PM] Indexing started.
[Info  - 5:47:58 PM] Indexing ended. 1 files indexed in 0s.
[Info  - 5:47:59 PM] Indexing started.
[Info  - 5:47:59 PM] Indexing ended. 1 files indexed in 0s.
[Info  - 5:48:58 PM] Indexing started.
[Info  - 5:48:59 PM] Indexing ended. 1 files indexed in 0s.
[Info  - 5:49:00 PM] Indexing started.
[Info  - 5:49:00 PM] Indexing ended. 1 files indexed in 0s.
[Info  - 5:50:30 PM] Indexing started.
[Info  - 5:50:31 PM] Indexing ended. 1 files indexed in 0s.
[Info  - 5:50:33 PM] Indexing started.
[Info  - 5:50:33 PM] Indexing ended. 1 files indexed in 0s.
[Info  - 5:51:01 PM] Indexing started.
[Info  - 5:51:01 PM] Indexing ended. 1 files indexed in 0s.
[Info  - 5:51:03 PM] Indexing started.
[Info  - 5:51:03 PM] Indexing ended. 1 files indexed in 0s.
[Info  - 5:51:13 PM] Indexing started.
[Info  - 5:51:13 PM] Indexing ended. 1 files indexed in 0s.
[Info  - 5:51:15 PM] Indexing started.
[Info  - 5:51:15 PM] Indexing ended. 1 files indexed in 0s.
[Info  - 5:51:34 PM] Indexing started.
[Info  - 5:51:34 PM] Indexing ended. 1 files indexed in 0s.
[Info  - 5:51:36 PM] Indexing started.
[Info  - 5:51:36 PM] Indexing ended. 1 files indexed in 0s.
[Info  - 5:53:39 PM] Indexing started.
[Info  - 5:53:39 PM] Indexing ended. 1 files indexed in 0s.
[Info  - 5:54:16 PM] Indexing started.
[Info  - 5:54:17 PM] Indexing ended. 1 files indexed in 0s.
[Info  - 5:54:29 PM] Indexing started.
[Info  - 5:54:29 PM] Indexing ended. 1 files indexed in 0s.
[Info  - 5:58:41 PM] Indexing started.
[Info  - 5:58:42 PM] Indexing ended. 1 files indexed in 0s.
[Info  - 5:58:44 PM] Indexing started.
[Info  - 5:58:44 PM] Indexing ended. 1 files indexed in 0s.
[Info  - 5:59:35 PM] Indexing started.
[Info  - 5:59:35 PM] Indexing ended. 2 files indexed in 0s.
[Info  - 6:00:37 PM] Indexing started.
[Info  - 6:00:38 PM] Indexing ended. 1 files indexed in 0s.
[Info  - 6:00:40 PM] Indexing started.
[Info  - 6:00:40 PM] Indexing ended. 1 files indexed in 0s.
[Info  - 6:01:42 PM] Indexing started.
[Info  - 6:01:42 PM] Indexing ended. 1 files indexed in 0s.
[Info  - 6:01:45 PM] Indexing started.
[Info  - 6:01:45 PM] Indexing ended. 1 files indexed in 0s.
[Info  - 6:02:01 PM] Indexing started.
[Info  - 6:02:01 PM] Indexing ended. 1 files indexed in 0s.
[Info  - 6:02:03 PM] Indexing started.
[Info  - 6:02:03 PM] Indexing ended. 1 files indexed in 0s.
[Info  - 6:02:31 PM] Indexing started.
[Info  - 6:02:31 PM] Indexing ended. 1 files indexed in 0s.
[Info  - 6:02:33 PM] Indexing started.
[Info  - 6:02:34 PM] Indexing ended. 1 files indexed in 0s.
[Info  - 6:03:21 PM] Indexing started.
[Info  - 6:03:22 PM] Indexing ended. 1 files indexed in 0s.
[Info  - 6:04:08 PM] Indexing started.
[Info  - 6:04:08 PM] Indexing ended. 1 files indexed in 0s.
[Info  - 6:04:30 PM] Indexing started.
[Info  - 6:04:31 PM] Indexing ended. 1 files indexed in 0s.
[Info  - 6:04:32 PM] Indexing started.
[Info  - 6:04:32 PM] Indexing ended. 1 files indexed in 0s.
[Info  - 7:10:39 PM] Indexing started.
[Info  - 7:10:40 PM] Indexing ended. 1 files indexed in 0s.
[Info  - 7:12:09 PM] Indexing started.
[Info  - 7:12:09 PM] Indexing ended. 1 files indexed in 0s.
[Info  - 7:12:11 PM] Indexing started.
[Info  - 7:12:11 PM] Indexing ended. 1 files indexed in 0s.
[Info  - 7:12:45 PM] Indexing started.
[Info  - 7:12:46 PM] Indexing ended. 1 files indexed in 0s.
[Info  - 7:13:18 PM] Indexing started.
[Info  - 7:13:18 PM] Indexing ended. 1 files indexed in 0s.
[Info  - 7:26:01 PM] Indexing started.
[Info  - 7:26:02 PM] Indexing ended. 1 files indexed in 0s.
[Info  - 8:25:22 PM] Indexing started.
[Info  - 8:25:22 PM] Indexing ended. 1 files indexed in 0s.
[Info  - 8:25:35 PM] Indexing started.
[Info  - 8:25:35 PM] Indexing ended. 1 files indexed in 0s.
[Info  - 8:25:45 PM] Indexing started.
[Info  - 8:25:45 PM] Indexing ended. 1 files indexed in 0s.
[Info  - 8:26:04 PM] Indexing started.
[Info  - 8:26:05 PM] Indexing ended. 1 files indexed in 0s.
[Info  - 8:26:21 PM] Indexing started.
[Info  - 8:26:21 PM] Indexing ended. 1 files indexed in 0s.
[Info  - 8:26:25 PM] Indexing started.
[Info  - 8:26:26 PM] Indexing ended. 1 files indexed in 0s.
[Info  - 8:26:37 PM] Indexing started.
[Info  - 8:26:37 PM] Indexing ended. 1 files indexed in 0s.
[Info  - 8:29:20 PM] Indexing started.
[Info  - 8:29:20 PM] Indexing ended. 1 files indexed in 0s.
[Info  - 8:29:29 PM] Indexing started.
[Info  - 8:29:30 PM] Indexing ended. 1 files indexed in 0s.
[Info  - 8:29:38 PM] Indexing started.
[Info  - 8:29:38 PM] Indexing ended. 1 files indexed in 0s.
[Info  - 8:29:40 PM] Indexing started.
[Info  - 8:29:40 PM] Indexing ended. 1 files indexed in 0s.
[Info  - 8:30:43 PM] Indexing started.
[Info  - 8:30:43 PM] Indexing ended. 1 files indexed in 0s.
[Info  - 8:30:46 PM] Indexing started.
[Info  - 8:30:46 PM] Indexing ended. 1 files indexed in 0s.
[Info  - 8:31:13 PM] Indexing started.
[Info  - 8:31:14 PM] Indexing ended. 1 files indexed in 0s.
[Info  - 8:31:16 PM] Indexing started.
[Info  - 8:31:16 PM] Indexing ended. 1 files indexed in 0s.
[Info  - 8:31:34 PM] Indexing started.
[Info  - 8:31:35 PM] Indexing ended. 1 files indexed in 0s.
[Info  - 8:31:37 PM] Indexing started.
[Info  - 8:31:37 PM] Indexing ended. 1 files indexed in 0s.
[Info  - 8:31:50 PM] Indexing started.
[Info  - 8:31:50 PM] Indexing ended. 1 files indexed in 0s.
[Info  - 8:31:52 PM] Indexing started.
[Info  - 8:31:52 PM] Indexing ended. 1 files indexed in 0s.
[Info  - 8:31:57 PM] Indexing started.
[Info  - 8:31:57 PM] Indexing ended. 1 files indexed in 0s.
[Info  - 8:32:26 PM] Indexing started.
[Info  - 8:32:26 PM] Indexing ended. 1 files indexed in 0s.
[Info  - 8:32:55 PM] Indexing started.
[Info  - 8:32:55 PM] Indexing ended. 1 files indexed in 0s.
[Info  - 8:32:57 PM] Indexing started.
[Info  - 8:32:57 PM] Indexing ended. 1 files indexed in 0s.
[Info  - 8:33:26 PM] Indexing started.
[Info  - 8:33:26 PM] Indexing ended. 1 files indexed in 0s.
[Info  - 8:33:28 PM] Indexing started.
[Info  - 8:33:28 PM] Indexing ended. 1 files indexed in 0s.
[Info  - 8:33:42 PM] Indexing started.
[Info  - 8:33:42 PM] Indexing ended. 1 files indexed in 0s.
[Info  - 8:33:44 PM] Indexing started.
[Info  - 8:33:45 PM] Indexing ended. 1 files indexed in 0s.
[Info  - 8:33:59 PM] Indexing started.
[Info  - 8:33:59 PM] Indexing ended. 1 files indexed in 0s.
[Info  - 8:34:01 PM] Indexing started.
[Info  - 8:34:01 PM] Indexing ended. 1 files indexed in 0s.
[Info  - 8:37:41 PM] Indexing started.
[Info  - 8:37:41 PM] Indexing ended. 1 files indexed in 0s.
[Info  - 8:37:46 PM] Indexing started.
[Info  - 8:37:46 PM] Indexing ended. 1 files indexed in 0s.
[Info  - 8:38:17 PM] Indexing started.
[Info  - 8:38:18 PM] Indexing ended. 1 files indexed in 0s.
[Info  - 8:38:20 PM] Indexing started.
[Info  - 8:38:20 PM] Indexing ended. 1 files indexed in 0s.
[Info  - 8:41:44 PM] Indexing started.
[Info  - 8:41:45 PM] Indexing ended. 1 files indexed in 0s.
[Info  - 8:41:53 PM] Indexing started.
[Info  - 8:41:53 PM] Indexing ended. 1 files indexed in 0s.
[Info  - 8:46:24 PM] Indexing started.
[Info  - 8:46:24 PM] Indexing ended. 1 files indexed in 0s.
[Info  - 8:46:25 PM] Indexing started.
[Info  - 8:46:25 PM] Indexing ended. 1 files indexed in 0s.
[Info  - 8:58:13 PM] Indexing started.
[Info  - 8:58:14 PM] Indexing ended. 1 files indexed in 0s.
[Info  - 9:04:47 PM] Indexing started.
[Info  - 9:04:47 PM] Indexing ended. 1 files indexed in 0s.
[Info  - 9:05:29 PM] Indexing started.
[Info  - 9:05:29 PM] Indexing ended. 1 files indexed in 0s.
[Info  - 9:05:31 PM] Indexing started.
[Info  - 9:05:31 PM] Indexing ended. 1 files indexed in 0s.
[Info  - 9:05:42 PM] Indexing started.
[Info  - 9:05:42 PM] Indexing ended. 1 files indexed in 0s.
[Info  - 9:05:54 PM] Indexing started.
[Info  - 9:05:54 PM] Indexing ended. 1 files indexed in 0s.
[Info  - 9:05:56 PM] Indexing started.
[Info  - 9:05:56 PM] Indexing ended. 1 files indexed in 0s.
[Info  - 9:06:36 PM] Indexing started.
[Info  - 9:06:37 PM] Indexing ended. 1 files indexed in 0s.
[Info  - 9:06:55 PM] Indexing started.
[Info  - 9:06:55 PM] Indexing ended. 1 files indexed in 0s.
[Info  - 9:06:57 PM] Indexing started.
[Info  - 9:06:58 PM] Indexing ended. 1 files indexed in 0s.
[Info  - 9:07:16 PM] Indexing started.
[Info  - 9:07:16 PM] Indexing ended. 1 files indexed in 0s.
[Info  - 9:07:18 PM] Indexing started.
[Info  - 9:07:19 PM] Indexing ended. 1 files indexed in 0s.
[Info  - 9:07:50 PM] Indexing started.
[Info  - 9:07:50 PM] Indexing ended. 1 files indexed in 0s.
[Info  - 9:08:33 PM] Indexing started.
[Info  - 9:08:33 PM] Indexing ended. 1 files indexed in 0s.
[Info  - 9:08:41 PM] Indexing started.
[Info  - 9:08:42 PM] Indexing ended. 1 files indexed in 0s.
[Info  - 9:08:45 PM] Indexing started.
[Info  - 9:08:45 PM] Indexing ended. 1 files indexed in 0s.
[Info  - 9:09:22 PM] Indexing started.
[Info  - 9:09:22 PM] Indexing ended. 1 files indexed in 0s.
[Info  - 9:10:22 PM] Indexing started.
[Info  - 9:10:22 PM] Indexing ended. 1 files indexed in 0s.
[Info  - 9:10:25 PM] Indexing started.
[Info  - 9:10:25 PM] Indexing ended. 1 files indexed in 0s.
[Info  - 9:10:53 PM] Indexing started.
[Info  - 9:10:53 PM] Indexing ended. 1 files indexed in 0s.
[Info  - 9:11:01 PM] Indexing started.
[Info  - 9:11:02 PM] Indexing ended. 1 files indexed in 0s.
[Info  - 9:11:06 PM] Indexing started.
[Info  - 9:11:06 PM] Indexing ended. 1 files indexed in 0s.
[Info  - 9:11:17 PM] Indexing started.
[Info  - 9:11:17 PM] Indexing ended. 1 files indexed in 0s.
[Info  - 9:11:33 PM] Indexing started.
[Info  - 9:11:33 PM] Indexing ended. 1 files indexed in 0s.
[Info  - 9:11:39 PM] Indexing started.
[Info  - 9:11:39 PM] Indexing ended. 1 files indexed in 0s.
[Info  - 9:12:06 PM] Indexing started.
[Info  - 9:12:06 PM] Indexing ended. 1 files indexed in 0s.
[Info  - 9:12:13 PM] Indexing started.
[Info  - 9:12:13 PM] Indexing ended. 1 files indexed in 0s.
[Info  - 9:13:23 PM] Indexing started.
[Info  - 9:13:23 PM] Indexing ended. 1 files indexed in 0s.
[Info  - 9:13:38 PM] Indexing started.
[Info  - 9:13:38 PM] Indexing ended. 1 files indexed in 0s.
[Info  - 9:14:01 PM] Indexing started.
[Info  - 9:14:01 PM] Indexing ended. 1 files indexed in 0s.
[Info  - 9:14:57 PM] Indexing started.
[Info  - 9:14:57 PM] Indexing ended. 1 files indexed in 0s.
[Info  - 9:14:59 PM] Indexing started.
[Info  - 9:14:59 PM] Indexing ended. 2 files indexed in 0s.
[Info  - 9:15:05 PM] Indexing started.
[Info  - 9:15:06 PM] Indexing ended. 1 files indexed in 0s.
[Info  - 9:15:07 PM] Indexing started.
[Info  - 9:15:07 PM] Indexing ended. 1 files indexed in 0s.
[Info  - 9:19:50 PM] Indexing started.
[Info  - 9:19:50 PM] Indexing ended. 1 files indexed in 0s.
[Info  - 9:20:26 PM] Indexing started.
[Info  - 9:20:27 PM] Indexing ended. 1 files indexed in 0s.
[Info  - 9:20:41 PM] Indexing started.
[Info  - 9:20:41 PM] Indexing ended. 1 files indexed in 0s.
[Info  - 9:40:57 PM] Indexing started.
[Info  - 9:40:57 PM] Indexing ended. 1 files indexed in 0s.
[Info  - 9:40:59 PM] Indexing started.
[Info  - 9:41:00 PM] Indexing ended. 1 files indexed in 0s.
[Info  - 9:41:25 PM] Indexing started.
[Info  - 9:41:26 PM] Indexing ended. 1 files indexed in 0s.
[Info  - 9:41:28 PM] Indexing started.
[Info  - 9:41:28 PM] Indexing ended. 1 files indexed in 0s.
[Info  - 9:41:50 PM] Indexing started.
[Info  - 9:41:50 PM] Indexing ended. 1 files indexed in 0s.
[Info  - 9:41:52 PM] Indexing started.
[Info  - 9:41:52 PM] Indexing ended. 1 files indexed in 0s.
[Info  - 10:09:33 PM] Indexing started.
[Info  - 10:09:33 PM] Indexing ended. 1 files indexed in 0s.
[Info  - 10:09:35 PM] Indexing started.
[Info  - 10:09:36 PM] Indexing ended. 1 files indexed in 0s.
[Info  - 10:11:08 PM] Indexing started.
[Info  - 10:11:08 PM] Indexing ended. 1 files indexed in 0s.
[Info  - 10:11:10 PM] Indexing started.
[Info  - 10:11:10 PM] Indexing ended. 1 files indexed in 0s.
[Info  - 10:13:09 PM] Indexing started.
[Info  - 10:13:09 PM] Indexing ended. 1 files indexed in 0s.
[Info  - 10:13:11 PM] Indexing started.
[Info  - 10:13:12 PM] Indexing ended. 1 files indexed in 0s.
[Info  - 10:13:44 PM] Indexing started.
[Info  - 10:13:44 PM] Indexing ended. 1 files indexed in 0s.
[Info  - 10:13:47 PM] Indexing started.
[Info  - 10:13:47 PM] Indexing ended. 1 files indexed in 0s.
[Info  - 10:14:04 PM] Indexing started.
[Info  - 10:14:04 PM] Indexing ended. 1 files indexed in 0s.
[Info  - 10:14:06 PM] Indexing started.
[Info  - 10:14:07 PM] Indexing ended. 1 files indexed in 0s.
[Info  - 10:14:58 PM] Indexing started.
[Info  - 10:14:58 PM] Indexing ended. 1 files indexed in 0s.
[Info  - 10:15:05 PM] Indexing started.
[Info  - 10:15:05 PM] Indexing ended. 1 files indexed in 0s.
[Info  - 10:15:07 PM] Indexing started.
[Info  - 10:15:07 PM] Indexing ended. 1 files indexed in 0s.
[Info  - 10:15:31 PM] Indexing started.
[Info  - 10:15:32 PM] Indexing ended. 1 files indexed in 0s.
[Info  - 10:15:33 PM] Indexing started.
[Info  - 10:15:33 PM] Indexing ended. 1 files indexed in 0s.
[Info  - 10:15:41 PM] Indexing started.
[Info  - 10:15:41 PM] Indexing ended. 1 files indexed in 0s.
[Info  - 10:15:42 PM] Indexing started.
[Info  - 10:15:43 PM] Indexing ended. 1 files indexed in 0s.
[Info  - 10:15:52 PM] Indexing started.
[Info  - 10:15:52 PM] Indexing ended. 1 files indexed in 0s.
[Info  - 10:15:54 PM] Indexing started.
[Info  - 10:15:54 PM] Indexing ended. 1 files indexed in 0s.
[Info  - 10:16:00 PM] Indexing started.
[Info  - 10:16:00 PM] Indexing ended. 1 files indexed in 0s.
[Info  - 10:16:02 PM] Indexing started.
[Info  - 10:16:02 PM] Indexing ended. 1 files indexed in 0s.
[Info  - 10:16:14 PM] Indexing started.
[Info  - 10:16:14 PM] Indexing ended. 1 files indexed in 0s.
[Info  - 10:16:16 PM] Indexing started.
[Info  - 10:16:16 PM] Indexing ended. 1 files indexed in 0s.
[Info  - 10:16:53 PM] Indexing started.
[Info  - 10:16:53 PM] Indexing ended. 1 files indexed in 0s.
[Info  - 10:16:55 PM] Indexing started.
[Info  - 10:16:55 PM] Indexing ended. 1 files indexed in 0s.
[Info  - 10:17:47 PM] Indexing started.
[Info  - 10:17:47 PM] Indexing ended. 1 files indexed in 0s.
[Info  - 10:17:49 PM] Indexing started.
[Info  - 10:17:49 PM] Indexing ended. 1 files indexed in 0s.
[Info  - 10:18:38 PM] Indexing started.
[Info  - 10:18:39 PM] Indexing ended. 1 files indexed in 0s.
[Info  - 10:18:47 PM] Indexing started.
[Info  - 10:18:47 PM] Indexing ended. 1 files indexed in 0s.
[Info  - 10:18:50 PM] Indexing started.
[Info  - 10:18:50 PM] Indexing ended. 1 files indexed in 0s.
[Info  - 10:19:48 PM] Indexing started.
[Info  - 10:19:48 PM] Indexing ended. 1 files indexed in 0s.
[Info  - 10:19:51 PM] Indexing started.
[Info  - 10:19:51 PM] Indexing ended. 1 files indexed in 0s.
[Info  - 10:20:36 PM] Indexing started.
[Info  - 10:20:36 PM] Indexing ended. 1 files indexed in 0s.
[Info  - 10:20:38 PM] Indexing started.
[Info  - 10:20:38 PM] Indexing ended. 1 files indexed in 0s.
[Info  - 10:21:13 PM] Indexing started.
[Info  - 10:21:13 PM] Indexing ended. 1 files indexed in 0s.
[Info  - 10:21:56 PM] Indexing started.
[Info  - 10:21:56 PM] Indexing ended. 1 files indexed in 0s.
[Info  - 10:21:58 PM] Indexing started.
[Info  - 10:21:59 PM] Indexing ended. 1 files indexed in 0s.
[Info  - 10:22:06 PM] Indexing started.
[Info  - 10:22:06 PM] Indexing ended. 1 files indexed in 0s.
[Info  - 10:27:18 PM] Indexing started.
[Info  - 10:27:18 PM] Indexing ended. 1 files indexed in 0s.
[Info  - 10:27:27 PM] Indexing started.
[Info  - 10:27:27 PM] Indexing ended. 1 files indexed in 0s.
[Info  - 10:27:35 PM] Indexing started.
[Info  - 10:27:35 PM] Indexing ended. 1 files indexed in 0s.
[Info  - 10:27:46 PM] Indexing started.
[Info  - 10:27:46 PM] Indexing ended. 1 files indexed in 0s.
[Info  - 10:30:26 PM] Indexing started.
[Info  - 10:30:27 PM] Indexing ended. 1 files indexed in 0s.
[Info  - 10:33:26 PM] Indexing started.
[Info  - 10:33:26 PM] Indexing ended. 1 files indexed in 0s.
[Info  - 10:40:33 PM] Indexing started.
[Info  - 10:40:33 PM] Indexing ended. 1 files indexed in 0s.
[Info  - 10:40:54 PM] Indexing started.
[Info  - 10:40:54 PM] Indexing ended. 1 files indexed in 0s.
[Info  - 10:42:48 PM] Indexing started.
[Info  - 10:42:48 PM] Indexing ended. 1 files indexed in 0s.
[Info  - 10:42:50 PM] Indexing started.
[Info  - 10:42:50 PM] Indexing ended. 1 files indexed in 0s.
[Info  - 10:43:32 PM] Indexing started.
[Info  - 10:43:32 PM] Indexing ended. 1 files indexed in 0s.
[Info  - 10:44:04 PM] Indexing started.
[Info  - 10:44:04 PM] Indexing ended. 1 files indexed in 0s.
[Info  - 10:52:18 PM] Indexing started.
[Info  - 10:52:18 PM] Indexing ended. 1 files indexed in 0s.
[Info  - 10:52:57 PM] Indexing started.
[Info  - 10:52:57 PM] Indexing ended. 1 files indexed in 0s.
[Info  - 11:34:14 PM] Indexing started.
[Info  - 11:34:15 PM] Indexing ended. 1 files indexed in 0s.
[Info  - 11:34:17 PM] Indexing started.
[Info  - 11:34:17 PM] Indexing ended. 1 files indexed in 0s.
[Info  - 11:34:22 PM] Indexing started.
[Info  - 11:34:23 PM] Indexing ended. 1 files indexed in 0s.
[Info  - 11:34:24 PM] Indexing started.
[Info  - 11:34:24 PM] Indexing ended. 1 files indexed in 0s.
[Info  - 11:34:29 PM] Indexing started.
[Info  - 11:34:30 PM] Indexing ended. 1 files indexed in 0s.
[Info  - 11:34:31 PM] Indexing started.
[Info  - 11:34:31 PM] Indexing ended. 1 files indexed in 0s.
[Info  - 11:36:24 PM] Indexing started.
[Info  - 11:36:25 PM] Indexing ended. 1 files indexed in 0s.
[Info  - 11:43:44 PM] Indexing started.
[Info  - 11:43:44 PM] Indexing ended. 1 files indexed in 0s.
[Info  - 11:44:04 PM] Indexing started.
[Info  - 11:44:05 PM] Indexing ended. 6 files indexed in 1s.
[Info  - 11:44:05 PM] Indexing started.
[Info  - 11:44:06 PM] Indexing ended. 3 files indexed in 0s.
[Info  - 11:45:45 PM] Indexing started.
[Info  - 11:45:46 PM] Indexing ended. 1 files indexed in 0s.
[Info  - 11:45:47 PM] Indexing started.
[Info  - 11:45:49 PM] Indexing ended. 8 files indexed in 1s.
[Info  - 11:52:34 PM] Indexing started.
[Info  - 11:52:34 PM] Indexing ended. 1 files indexed in 0s.
[Info  - 11:52:37 PM] Indexing started.
[Info  - 11:52:37 PM] Indexing ended. 1 files indexed in 0s.
[Info  - 11:59:18 PM] Indexing started.
[Info  - 11:59:18 PM] Indexing ended. 1 files indexed in 0s.
[Info  - 11:59:26 PM] Indexing started.
[Info  - 11:59:26 PM] Indexing ended. 1 files indexed in 0s.
[Info  - 11:59:28 PM] Indexing started.
[Info  - 11:59:28 PM] Indexing ended. 1 files indexed in 0s.
[Info  - 11:59:40 PM] Indexing started.
[Info  - 11:59:40 PM] Indexing ended. 1 files indexed in 0s.
[Info  - 11:59:42 PM] Indexing started.
[Info  - 11:59:43 PM] Indexing ended. 1 files indexed in 0s.
[Info  - 12:02:12 AM] Indexing started.
[Info  - 12:02:12 AM] Indexing ended. 1 files indexed in 0s.
[Info  - 12:02:14 AM] Indexing started.
[Info  - 12:02:14 AM] Indexing ended. 1 files indexed in 0s.
[Info  - 12:06:45 AM] Indexing started.
[Info  - 12:06:45 AM] Indexing ended. 1 files indexed in 0s.
[Info  - 12:06:47 AM] Indexing started.
[Info  - 12:06:47 AM] Indexing ended. 1 files indexed in 0s.
[Info  - 12:07:04 AM] Indexing started.
[Info  - 12:07:04 AM] Indexing ended. 1 files indexed in 0s.
[Info  - 12:07:06 AM] Indexing started.
[Info  - 12:07:06 AM] Indexing ended. 1 files indexed in 0s.
[Info  - 12:07:29 AM] Indexing started.
[Info  - 12:07:29 AM] Indexing ended. 1 files indexed in 0s.
[Info  - 12:07:35 AM] Indexing started.
[Info  - 12:07:35 AM] Indexing ended. 1 files indexed in 0s.
[Info  - 12:08:32 AM] Indexing started.
[Info  - 12:08:33 AM] Indexing ended. 1 files indexed in 0s.
[Info  - 12:08:34 AM] Indexing started.
[Info  - 12:08:35 AM] Indexing ended. 1 files indexed in 0s.
[Info  - 12:08:42 AM] Indexing started.
[Info  - 12:08:42 AM] Indexing ended. 1 files indexed in 0s.
[Info  - 12:08:44 AM] Indexing started.
[Info  - 12:08:44 AM] Indexing ended. 1 files indexed in 0s.
