[2022-03-24 22:42:28.093] [exthost] [info] Extension host with pid 10844 started
[2022-03-24 22:42:28.093] [exthost] [info] Skipping acquiring lock for /var/www/html/hotel_project/~/.vscode-root/User/workspaceStorage/11e8408c35694307231992d9f44b3129.
[2022-03-24 22:42:28.478] [exthost] [info] ExtensionService#_doActivateExtension vscode.php-language-features, startup: false, activationEvent: 'onLanguage:php'
[2022-03-24 22:42:28.541] [exthost] [info] ExtensionService#_doActivateExtension bmewburn.vscode-intelephense-client, startup: false, activationEvent: 'onLanguage:php'
[2022-03-24 22:42:28.683] [exthost] [info] ExtensionService#_doActivateExtension codingyu.laravel-goto-view, startup: false, activationEvent: 'onLanguage:php'
[2022-03-24 22:42:28.990] [exthost] [info] ExtensionService#_doActivateExtension zobo.php-intellisense, startup: false, activationEvent: 'onLanguage:php'
[2022-03-24 22:42:29.290] [exthost] [info] ExtensionService#_doActivateExtension vscode.debug-auto-launch, startup: true, activationEvent: '*'
[2022-03-24 22:42:29.353] [exthost] [info] ExtensionService#_doActivateExtension vscode.git-base, startup: true, activationEvent: '*', root cause: vscode.github
[2022-03-24 22:42:29.480] [exthost] [info] ExtensionService#_doActivateExtension vscode.ipynb, startup: true, activationEvent: '*'
[2022-03-24 22:42:29.526] [exthost] [info] ExtensionService#_doActivateExtension CoenraadS.bracket-pair-colorizer, startup: true, activationEvent: '*'
[2022-03-24 22:42:30.121] [exthost] [info] ExtensionService#_doActivateExtension RobbOwen.synthwave-vscode, startup: true, activationEvent: '*'
[2022-03-24 22:42:30.190] [exthost] [info] ExtensionService#_doActivateExtension vscode.npm, startup: true, activationEvent: 'workspaceContains:package.json'
[2022-03-24 22:42:31.856] [exthost] [info] ExtensionService#_doActivateExtension vscode.git, startup: true, activationEvent: '*'
[2022-03-24 22:42:31.967] [exthost] [info] ExtensionService#_doActivateExtension vscode.github, startup: true, activationEvent: '*'
[2022-03-24 22:42:32.360] [exthost] [info] Eager extensions activated
[2022-03-24 22:42:32.440] [exthost] [info] ExtensionService#_doActivateExtension vscode.emmet, startup: false, activationEvent: 'onStartupFinished'
[2022-03-24 22:42:32.484] [exthost] [info] ExtensionService#_doActivateExtension vscode.merge-conflict, startup: false, activationEvent: 'onStartupFinished'
[2022-03-24 22:46:32.652] [exthost] [info] extension host terminating: renderer closed the socket
[2022-03-24 22:46:32.693] [exthost] [error] An error occurred when deactivating the subscriptions for extension 'bmewburn.vscode-intelephense-client':
[2022-03-24 22:46:32.693] [exthost] [error] TypeError: Cannot read private member from an object whose class did not declare it
	at Pe (/snap/code/91/usr/share/code/resources/app/out/vs/workbench/api/node/extensionHostProcess.js:90:7024)
	at Object.dispose (/snap/code/91/usr/share/code/resources/app/out/vs/workbench/api/node/extensionHostProcess.js:76:90801)
	at g (/snap/code/91/usr/share/code/resources/app/out/vs/workbench/api/node/extensionHostProcess.js:8:12307)
	at d._deactivate (/snap/code/91/usr/share/code/resources/app/out/vs/workbench/api/node/extensionHostProcess.js:90:11931)
	at /snap/code/91/usr/share/code/resources/app/out/vs/workbench/api/node/extensionHostProcess.js:90:10226
	at Array.map (<anonymous>)
	at deactivateAll (/snap/code/91/usr/share/code/resources/app/out/vs/workbench/api/node/extensionHostProcess.js:90:10214)
	at _.terminate (/snap/code/91/usr/share/code/resources/app/out/vs/workbench/api/node/extensionHostProcess.js:94:880)
	at c (/snap/code/91/usr/share/code/resources/app/out/vs/workbench/api/node/extensionHostProcess.js:104:36243)
	at Socket.<anonymous> (/snap/code/91/usr/share/code/resources/app/out/vs/workbench/api/node/extensionHostProcess.js:104:33938)
	at Socket.emit (events.js:327:22)
	at Pipe.<anonymous> (net.js:673:12)
[2022-03-24 22:46:32.708] [exthost] [info] Extension host with pid 10844 exiting with code 0
